Построение начато 02.10.2013 22:21:54.
     1>Проект "E:\EXlam\AVR Projects\PDA230CN\simulation\RSim\RSim\RSim.vcxproj" в узле 2 (целевые объекты build).
     1>InitializeBuildStatus:
         Создание "Debug\RSim.unsuccessfulbuild", так как было задано "AlwaysCreate".
       ClCompile:
         C:\Program Files (x86)\Microsoft Visual Studio 10.0\VC\bin\CL.exe /c /I.\inc /I.\src /ZI /nologo /W3 /WX- /Od /Oy- /D nPID_DIRECT /D nPID_INCREMENTAL /D WIN32 /D _DEBUG /D _CONSOLE /D _MBCS /Gm /EHs /RTC1 /MDd /GS /fp:precise /Zc:wchar_t /Zc:forScope /Fo"Debug\\" /Fd"Debug\vc100.pdb" /Gd /TP /analyze- /errorReport:prompt RSim.cpp src\plant.cpp
         RSim.cpp
         Создание кода...
         Компиляция...
         plant.cpp
         Создание кода...
         Для всех выходных данных обновления не требуется.
       ManifestResourceCompile:
         Для всех выходных данных обновления не требуется.
       Link:
         C:\Program Files (x86)\Microsoft Visual Studio 10.0\VC\bin\link.exe /ERRORREPORT:PROMPT /OUT:"E:\EXlam\AVR Projects\PDA230CN\simulation\RSim\Debug\RSim.exe" /INCREMENTAL /NOLOGO kernel32.lib user32.lib gdi32.lib winspool.lib comdlg32.lib advapi32.lib shell32.lib ole32.lib oleaut32.lib uuid.lib odbc32.lib odbccp32.lib /MANIFEST /ManifestFile:"Debug\RSim.exe.intermediate.manifest" /MANIFESTUAC:"level='asInvoker' uiAccess='false'" /DEBUG /PDB:"E:\EXlam\AVR Projects\PDA230CN\simulation\RSim\Debug\RSim.pdb" /SUBSYSTEM:CONSOLE /TLBID:1 /DYNAMICBASE /NXCOMPAT /IMPLIB:"E:\EXlam\AVR Projects\PDA230CN\simulation\RSim\Debug\RSim.lib" /MACHINE:X86 Debug\RSim.exe.embed.manifest.res
         Debug\ArgParser.obj
         Debug\RSim.obj
         Debug\fir_filter.obj
         Debug\pid_controller.obj
         Debug\plant.obj
         Debug\stdafx.obj
         Debug\vector_reader.obj
       Manifest:
         C:\Program Files (x86)\Microsoft SDKs\Windows\v7.0A\bin\mt.exe /nologo /verbose /out:"Debug\RSim.exe.embed.manifest" /manifest Debug\RSim.exe.intermediate.manifest
         Для всех выходных данных обновления не требуется.
       LinkEmbedManifest:
         Для всех выходных данных обновления не требуется.
         RSim.vcxproj -> E:\EXlam\AVR Projects\PDA230CN\simulation\RSim\Debug\RSim.exe
       FinalizeBuildStatus:
         Файл "Debug\RSim.unsuccessfulbuild" удаляется.
         Обращение к "Debug\RSim.lastbuildstate".
     1>Построение проекта "E:\EXlam\AVR Projects\PDA230CN\simulation\RSim\RSim\RSim.vcxproj" завершено (целевые объекты build).

Построение успешно завершено.

Затраченное время: 00:00:01.18
