E:\EXLAM\AVR PROJECTS\PDA230CN\SIMULATION\RSIM\DEBUG\RSIM.EXE
E:\EXLAM\AVR PROJECTS\PDA230CN\SIMULATION\RSIM\DEBUG\RSIM.ILK
E:\EXLAM\AVR PROJECTS\PDA230CN\SIMULATION\RSIM\DEBUG\RSIM.PDB
E:\EXLAM\AVR PROJECTS\PDA230CN\SIMULATION\RSIM\RSIM\DEBUG\ARGPARSER.OBJ
E:\EXLAM\AVR PROJECTS\PDA230CN\SIMULATION\RSIM\RSIM\DEBUG\FIR_FILTER.OBJ
E:\EXLAM\AVR PROJECTS\PDA230CN\SIMULATION\RSIM\RSIM\DEBUG\PID_CONTROLLER.OBJ
E:\EXLAM\AVR PROJECTS\PDA230CN\SIMULATION\RSIM\RSIM\DEBUG\PLANT.OBJ
E:\EXLAM\AVR PROJECTS\PDA230CN\SIMULATION\RSIM\RSIM\DEBUG\RSIM.EXE.EMBED.MANIFEST.RES
E:\EXLAM\AVR PROJECTS\PDA230CN\SIMULATION\RSIM\RSIM\DEBUG\RSIM.EXE.INTERMEDIATE.MANIFEST
E:\EXLAM\AVR PROJECTS\PDA230CN\SIMULATION\RSIM\RSIM\DEBUG\RSIM.OBJ
E:\EXLAM\AVR PROJECTS\PDA230CN\SIMULATION\RSIM\RSIM\DEBUG\STDAFX.OBJ
E:\EXLAM\AVR PROJECTS\PDA230CN\SIMULATION\RSIM\RSIM\DEBUG\VC100.PDB
E:\EXLAM\AVR PROJECTS\PDA230CN\SIMULATION\RSIM\RSIM\DEBUG\VECTOR_READER.OBJ
E:\GDOCS\PDA230CN\SIMULATION\RSIM\DEBUG\RSIM.EXE
E:\GDOCS\PDA230CN\SIMULATION\RSIM\DEBUG\RSIM.ILK
E:\GDOCS\PDA230CN\SIMULATION\RSIM\DEBUG\RSIM.PDB
E:\GDOCS\PDA230CN\SIMULATION\RSIM\RSIM\DEBUG\ARGPARSER.OBJ
E:\gdocs\pda230cn\simulation\RSim\RSim\Debug\cl.command.1.tlog
E:\gdocs\pda230cn\simulation\RSim\RSim\Debug\CL.read.1.tlog
E:\gdocs\pda230cn\simulation\RSim\RSim\Debug\CL.write.1.tlog
E:\GDOCS\PDA230CN\SIMULATION\RSIM\RSIM\DEBUG\FIR_FILTER.OBJ
E:\gdocs\pda230cn\simulation\RSim\RSim\Debug\link.1288.read.1.tlog
E:\gdocs\pda230cn\simulation\RSim\RSim\Debug\link.1288.write.1.tlog
E:\gdocs\pda230cn\simulation\RSim\RSim\Debug\link.1288-cvtres.read.1.tlog
E:\gdocs\pda230cn\simulation\RSim\RSim\Debug\link.1288-cvtres.write.1.tlog
E:\gdocs\pda230cn\simulation\RSim\RSim\Debug\link.command.1.tlog
E:\gdocs\pda230cn\simulation\RSim\RSim\Debug\link.read.1.tlog
E:\gdocs\pda230cn\simulation\RSim\RSim\Debug\link.write.1.tlog
E:\gdocs\pda230cn\simulation\RSim\RSim\Debug\link-cvtres.read.1.tlog
E:\gdocs\pda230cn\simulation\RSim\RSim\Debug\link-cvtres.write.1.tlog
E:\gdocs\pda230cn\simulation\RSim\RSim\Debug\mt.command.1.tlog
E:\gdocs\pda230cn\simulation\RSim\RSim\Debug\mt.read.1.tlog
E:\gdocs\pda230cn\simulation\RSim\RSim\Debug\mt.write.1.tlog
E:\GDOCS\PDA230CN\SIMULATION\RSIM\RSIM\DEBUG\PID_CONTROLLER.OBJ
E:\GDOCS\PDA230CN\SIMULATION\RSIM\RSIM\DEBUG\PLANT.OBJ
E:\gdocs\pda230cn\simulation\RSim\RSim\Debug\rc.command.1.tlog
E:\gdocs\pda230cn\simulation\RSim\RSim\Debug\rc.read.1.tlog
E:\gdocs\pda230cn\simulation\RSim\RSim\Debug\rc.write.1.tlog
E:\GDOCS\PDA230CN\SIMULATION\RSIM\RSIM\DEBUG\RSIM.EXE.EMBED.MANIFEST
E:\GDOCS\PDA230CN\SIMULATION\RSIM\RSIM\DEBUG\RSIM.EXE.EMBED.MANIFEST.RES
E:\GDOCS\PDA230CN\SIMULATION\RSIM\RSIM\DEBUG\RSIM.EXE.INTERMEDIATE.MANIFEST
E:\GDOCS\PDA230CN\SIMULATION\RSIM\RSIM\DEBUG\RSIM.OBJ
E:\gdocs\pda230cn\simulation\RSim\RSim\Debug\RSim_manifest.rc
E:\GDOCS\PDA230CN\SIMULATION\RSIM\RSIM\DEBUG\STDAFX.OBJ
E:\gdocs\pda230cn\simulation\RSim\RSim\Debug\vc100.idb
E:\GDOCS\PDA230CN\SIMULATION\RSIM\RSIM\DEBUG\VC100.PDB
E:\GDOCS\PDA230CN\SIMULATION\RSIM\RSIM\DEBUG\VECTOR_READER.OBJ
