Terminal log file
Date: 17.10.2013 - 21:55:50
-----------------------------------------------


Laminator controller v0.501 by Avega
Calibration data:     24   796   130  1672
    24   198   793      1341   793       15000       -3000           0         0
    24   198   793      1341   793       15000       -3000           0         0
    24   198   793      1341   793       15000       -3000           0         0
    24   198   793      1341   793       15000       -3000           0         0
    24   198   793      1341   793       15000       -3000           0         0
    24   198   793      1341   793       15000       -3000           0         0
    24   198   793      1341   793       15000       -3000           0         0
    24   198   793      1341   793       15000       -3000           0         0
    24   198   793      1341   793       15000       -3000           0         0
    24   198   793      1341   793       15000       -3000           0         0
    24   198   793      1341   793       15000       -3000           0         0
    24   198   793      1341   793       15000       -3000           0         0
    24   198   793      1341   793       15000       -3000           0         0
    24   198   793      1341   793       15000       -3000           0         0
    24   198   793      1341   793       15000       -3000           0         0
    24   198   793      1341   793       15000       -3000           0         0
    24   198   793      1341   793       15000       -3000           0         0
    24   198   793      1341   793       15000       -3000           0         0
    24   198   794      1341   793       15000       -3000           0         0
    24   198   794      1341   793       15000       -3000           0         0
    24   198   794      1341   793       15000       -3000           0         0
    24   198   794      1341   793       15000       -3000           0         0
    24   198   794      1341   793       15000       -3000           0         0
    24   198   794      1341   793       15000       -3000           0         0
    24   198   794      1341   793       15000       -3000           0         0
    24   198   794      1341   793       15000       -3000           0         0
    24   198   794      1341   793       15000       -3000           0         0
    24   198   794      1341   793       15000       -3000           0         0
    24   198   794      1341   793       15000       -3000           0         0

AC sync lost
Max. main loop time:    14 ms
Turn OFF

Laminator controller v0.501 by Avega
Calibration data:     24   796   130  1672
    24   198   795      1341   795       15000       -3000           0         0
    24   198   794      1341   795       15000       -3000           0         0
    24   198   794      1341   795       15000       -3000           0         0
    24   198   794      1341   795       15000       -3000           0         0
    24   198   794      1341   795       15000       -3000           0         0
    24   198   794      1341   795       15000       -3000           0         0
    24   198   794      1341   795       15000       -3000           0         0
    24   198   794      1341   795       15000       -3000           0         0
    24   198   794      1341   795       15000       -3000           0         0
    24   198   794      1341   795       15000       -3000           0         0

AC sync lost
Max. main loop time:    14 ms
Turn OFF

Laminator controller v0.501 by Avega
Calibration data:     24   796   130  1672
    24   198   794      1341   794       15000       -3000           0         0
    24   198   794      1341   794       15000       -3000           0         0
    24   198   794      1341   794       15000       -3000           0         0
    24   198   794      1341   794       15000       -3000           0         0
    24   198   794      1341   794       15000       -3000           0         0
    24   198   794      1341   794       15000       -3000           0         0
    24   198   794      1341   794       15000       -3000           0         0


Laminator controller v0.501 by Avega
Calibration data:     24   796   130  1672
    24   198   795      1341   795       15000       -3000           0         0
    24   198   795      1341   795       15000       -3000           0         0
    24   198   795      1341   795       15000       -3000           0         0
    24   198   795      1341   795       15000       -3000           0         0
    24   198   795      1341   795       15000       -3000           0         0
    24   198   794      1341   795       15000       -3000           0         0
    24   198   794      1341   795       15000       -3000           0         0
    24   198   794      1341   795       15000       -3000           0         0

AC sync lost
Max. main loop time:    14 ms
Turn OFF

Laminator controller v0.501 by Avega
Calibration data:     24   796   130  1672
    24   198   795      1341   795       15000       -3000           0         0
    24   198   794      1341   795       15000       -3000           0         0
    24   198   794      1341   795       15000       -3000           0         0
    24   198   794      1341   795       15000       -3000           0         0
    24   198   794      1341   795       15000       -3000           0         0
    24   198   794      1341   795       15000       -3000           0         0
    24   198   794      1341   795       15000       -3000           0         0
    24   198   794      1341   795       15000       -3000           0         0
    24   198   794      1341   795       15000       -3000           0         0
    24   198   794      1341   795       15000       -3000           0         0
    24   198   794      1341   795       15000       -3000           0         0
    24   198   794      1341   795       15000       -3000           0         0
    24   198   794      1341   795       15000       -3000           0         0
    24   198   794      1341   795       15000       -3000           0         0
    24   198   794      1341   795       15000       -3000           0         0
    24   198   794      1341   795       15000       -3000           0         0
    24   198   794      1341   795       15000       -3000           0         0
    24   198   794      1341   795       15000       -3000           0         0
    24   198   794      1341   795       15000       -3000           0         0
    24   198   794      1341   795       15000       -3000           0         0
    24   198   794      1341   795       15000       -3000           0         0
    24   198   794      1341   795       15000       -3000           0         0
    24   198   795      1341   795       15000       -3000           0         0
    24   198   795      1341   795       15000       -3000           0         0
    24   198   795      1341   795       15000       -3000           0         0
    24   198   795      1341   795       15000       -3000           0         0
    24   198   795      1341   795       15000       -3000           0         0
    24   198   795      1341   795       15000       -3000           0         0
    24   198   795      1341   795       15000       -3000           0         0
    24   198   795      1341   795       15000       -3000           0         0
    24   198   795      1341   795       15000       -3000           0         0
    24   198   795      1341   795       15000       -3000           0         0
    24   198   795      1341   795       15000       -3000           0         0
    24   198   795      1341   795       15000       -3000           0         0
    24   198   795      1341   795       15000       -3000           0         0
    24   198   795      1341   795       15000       -3000           0         0
    24   198   795      1341   795       15000       -3000           0         0
    24   198   795      1341   795       15000       -3000           0         0
    24   198   795      1341   795       15000           0           0         0
    24   198   795      1341   795       15000           0           0         0
    24   198   795      1341   795       15000           0           0         0
    24   198   795      1341   795       15000           0           0         0
    24   198   795      1341   795       15000           0           0         0
    24   198   795      1341   795       15000           0           0         0
    24   198   795      1341   795       15000           0           0         0
    24   198   795      1341   795       15000           0           0         0
    24   198   795      1341   795       15000           0           0         0
    24   198   795      1341   795       15000           0           0         0
    24   198   795      1341   795       15000           0           0         0
    24   198   795      1341   795       15000           0           0         0
    24   199   795      1341   795       15000           0           0         0
    24   198   795      1341   795       15000           0           0         0
    24   198   795      1341   795       15000           0           0         0
    24   198   795      1341   795       15000           0           0         0

AC sync lost
Max. main loop time:    14 ms
Turn OFF
-----------------------------------------------
Date: 17.10.2013 - 21:56:54
End log file
